<?xml version="1.0" encoding="UTF-8"?>
<testsuite name="com.team3.gdx.tests.CookTests" tests="7" skipped="0" failures="0" errors="0" timestamp="2023-03-04T11:30:51" hostname="DESKTOP-7A0IUD0" time="0.218">
  <properties/>
  <testcase name="testCollision" classname="com.team3.gdx.tests.CookTests" time="0.04"/>
  <testcase name="testDropItem" classname="com.team3.gdx.tests.CookTests" time="0.004"/>
  <testcase name="testMovement" classname="com.team3.gdx.tests.CookTests" time="0.001"/>
  <testcase name="testCreateCook" classname="com.team3.gdx.tests.CookTests" time="0.002"/>
  <testcase name="testCookSwitch" classname="com.team3.gdx.tests.CookTests" time="0.021"/>
  <testcase name="testFullCookStack" classname="com.team3.gdx.tests.CookTests" time="0.002"/>
  <testcase name="testPickUp" classname="com.team3.gdx.tests.CookTests" time="0.057"/>
  <system-out><![CDATA[]]></system-out>
  <system-err><![CDATA[]]></system-err>
</testsuite>
