<?xml version="1.0" encoding="UTF-8"?>
<testsuite name="com.team3.gdx.tests.CookTests" tests="1" skipped="0" failures="1" errors="0" timestamp="2023-02-28T11:22:54" hostname="GAMING-PC" time="0.046">
  <properties/>
  <testcase name="testPickUp" classname="com.team3.gdx.tests.CookTests" time="0.046">
    <failure message="java.lang.ExceptionInInitializerError" type="java.lang.ExceptionInInitializerError">java.lang.ExceptionInInitializerError
	at com.team3gdx.game.food.Ingredients.&lt;clinit&gt;(Ingredients.java:12)
	at com.team3.gdx.tests.CookTests.testPickUp(CookTests.java:73)
	at java.base/jdk.internal.reflect.NativeMethodAccessorImpl.invoke0(Native Method)
	at java.base/jdk.internal.reflect.NativeMethodAccessorImpl.invoke(NativeMethodAccessorImpl.java:62)
	at java.base/jdk.internal.reflect.DelegatingMethodAccessorImpl.invoke(DelegatingMethodAccessorImpl.java:43)
	at java.base/java.lang.reflect.Method.invoke(Method.java:566)
	at org.junit.runners.model.FrameworkMethod$1.runReflectiveCall(FrameworkMethod.java:59)
	at org.junit.internal.runners.model.ReflectiveCallable.run(ReflectiveCallable.java:12)
	at org.junit.runners.model.FrameworkMethod.invokeExplosively(FrameworkMethod.java:56)
	at org.junit.internal.runners.statements.InvokeMethod.evaluate(InvokeMethod.java:17)
	at org.junit.runners.ParentRunner$3.evaluate(ParentRunner.java:306)
	at org.junit.runners.BlockJUnit4ClassRunner$1.evaluate(BlockJUnit4ClassRunner.java:100)
	at org.junit.runners.ParentRunner.runLeaf(ParentRunner.java:366)
	at org.junit.runners.BlockJUnit4ClassRunner.runChild(BlockJUnit4ClassRunner.java:103)
	at com.team3.gdx.tests.GdxTestRunner.render(GdxTestRunner.java:59)
	at com.badlogic.gdx.backends.headless.HeadlessApplication.mainLoop(HeadlessApplication.java:128)
	at com.badlogic.gdx.backends.headless.HeadlessApplication$1.run(HeadlessApplication.java:93)
Caused by: java.lang.NullPointerException
	at com.badlogic.gdx.graphics.glutils.ShaderProgram.loadShader(ShaderProgram.java:204)
	at com.badlogic.gdx.graphics.glutils.ShaderProgram.compileShaders(ShaderProgram.java:183)
	at com.badlogic.gdx.graphics.glutils.ShaderProgram.&lt;init&gt;(ShaderProgram.java:166)
	at com.badlogic.gdx.graphics.glutils.ImmediateModeRenderer20.createDefaultShader(ImmediateModeRenderer20.java:241)
	at com.badlogic.gdx.graphics.glutils.ImmediateModeRenderer20.&lt;init&gt;(ImmediateModeRenderer20.java:55)
	at com.badlogic.gdx.graphics.glutils.ShapeRenderer.&lt;init&gt;(ShapeRenderer.java:116)
	at com.badlogic.gdx.graphics.glutils.ShapeRenderer.&lt;init&gt;(ShapeRenderer.java:111)
	at com.badlogic.gdx.graphics.glutils.ShapeRenderer.&lt;init&gt;(ShapeRenderer.java:107)
	at com.team3gdx.game.food.Ingredient.&lt;clinit&gt;(Ingredient.java:42)
	... 17 more
</failure>
  </testcase>
  <system-out><![CDATA[]]></system-out>
  <system-err><![CDATA[]]></system-err>
</testsuite>
