<?xml version="1.0" encoding="UTF-8"?>
<testsuite name="com.team3.gdx.tests.IngredientTests" tests="3" skipped="0" failures="0" errors="0" timestamp="2023-04-19T09:49:02" hostname="DESKTOP-7A0IUD0" time="0.038">
  <properties/>
  <testcase name="testFlip" classname="com.team3.gdx.tests.IngredientTests" time="0.006"/>
  <testcase name="testIngredientClone" classname="com.team3.gdx.tests.IngredientTests" time="0.007"/>
  <testcase name="testEquals" classname="com.team3.gdx.tests.IngredientTests" time="0.005"/>
  <system-out><![CDATA[]]></system-out>
  <system-err><![CDATA[]]></system-err>
</testsuite>
