<?xml version="1.0" encoding="UTF-8"?>
<testsuite name="com.team3.gdx.tests.AssetTests" tests="8" skipped="0" failures="0" errors="0" timestamp="2023-04-19T09:49:00" hostname="DESKTOP-7A0IUD0" time="0.19">
  <properties/>
  <testcase name="testMapAssetsExist" classname="com.team3.gdx.tests.AssetTests" time="0.047"/>
  <testcase name="testLeaderboardData" classname="com.team3.gdx.tests.AssetTests" time="0.001"/>
  <testcase name="testChefAssetsExist" classname="com.team3.gdx.tests.AssetTests" time="0.003"/>
  <testcase name="testAudioAssetsExist" classname="com.team3.gdx.tests.AssetTests" time="0.004"/>
  <testcase name="testUIElementsExist" classname="com.team3.gdx.tests.AssetTests" time="0.014"/>
  <testcase name="testParticlesAssetsExist" classname="com.team3.gdx.tests.AssetTests" time="0.002"/>
  <testcase name="testItemAssets" classname="com.team3.gdx.tests.AssetTests" time="0.01"/>
  <testcase name="testCustAssetsExist" classname="com.team3.gdx.tests.AssetTests" time="0.01"/>
  <system-out><![CDATA[]]></system-out>
  <system-err><![CDATA[]]></system-err>
</testsuite>
