<?xml version="1.0" encoding="UTF-8"?>
<testsuite name="com.team3.gdx.tests.PowerupTests" tests="2" skipped="0" failures="0" errors="0" timestamp="2023-03-28T08:04:52" hostname="GAMING-PC" time="0.017">
  <properties/>
  <testcase name="testCollision" classname="com.team3.gdx.tests.PowerupTests" time="0.003"/>
  <testcase name="testActivate" classname="com.team3.gdx.tests.PowerupTests" time="0.0"/>
  <system-out><![CDATA[]]></system-out>
  <system-err><![CDATA[]]></system-err>
</testsuite>
