<?xml version="1.0" encoding="UTF-8"?>
<testsuite name="com.team3.gdx.tests.StationTests" tests="15" skipped="0" failures="0" errors="0" timestamp="2023-04-19T09:49:03" hostname="DESKTOP-7A0IUD0" time="0.648">
  <properties/>
  <testcase name="testPrepSlotsToRecipe" classname="com.team3.gdx.tests.StationTests" time="0.053"/>
  <testcase name="testCreateStation" classname="com.team3.gdx.tests.StationTests" time="0.003"/>
  <testcase name="testBakingStationPlace" classname="com.team3.gdx.tests.StationTests" time="0.044"/>
  <testcase name="testCreateServingStation" classname="com.team3.gdx.tests.StationTests" time="0.06"/>
  <testcase name="testStationManagerCheckInteractedTile" classname="com.team3.gdx.tests.StationTests" time="0.079"/>
  <testcase name="testCreateIngredientStation" classname="com.team3.gdx.tests.StationTests" time="0.003"/>
  <testcase name="testCreateBakingStation" classname="com.team3.gdx.tests.StationTests" time="0.044"/>
  <testcase name="testPrepStationLockCook" classname="com.team3.gdx.tests.StationTests" time="0.017"/>
  <testcase name="testStationTake" classname="com.team3.gdx.tests.StationTests" time="0.007"/>
  <testcase name="testCreateCuttingStation" classname="com.team3.gdx.tests.StationTests" time="0.04"/>
  <testcase name="testFryingStationPlace" classname="com.team3.gdx.tests.StationTests" time="0.004"/>
  <testcase name="testCookingStationLockCook" classname="com.team3.gdx.tests.StationTests" time="0.005"/>
  <testcase name="testCreateFryingStation" classname="com.team3.gdx.tests.StationTests" time="0.039"/>
  <testcase name="testCreatePrepStation" classname="com.team3.gdx.tests.StationTests" time="0.046"/>
  <testcase name="testCuttingStationLockCook" classname="com.team3.gdx.tests.StationTests" time="0.005"/>
  <system-out><![CDATA[]]></system-out>
  <system-err><![CDATA[]]></system-err>
</testsuite>
