<?xml version="1.0" encoding="UTF-8"?>
<testsuite name="com.team3.gdx.tests.CookTests" tests="1" skipped="0" failures="0" errors="0" timestamp="2023-03-01T11:08:52" hostname="MICHAELLAPTOP" time="0.11">
  <properties/>
  <testcase name="testPickUp" classname="com.team3.gdx.tests.CookTests" time="0.11"/>
  <system-out><![CDATA[]]></system-out>
  <system-err><![CDATA[]]></system-err>
</testsuite>
