<?xml version="1.0" encoding="UTF-8"?>
<testsuite name="com.team3.gdx.tests.PowerupTests" tests="2" skipped="0" failures="0" errors="0" timestamp="2023-04-19T09:49:02" hostname="DESKTOP-7A0IUD0" time="0.017">
  <properties/>
  <testcase name="testCollision" classname="com.team3.gdx.tests.PowerupTests" time="0.004"/>
  <testcase name="testActivate" classname="com.team3.gdx.tests.PowerupTests" time="0.001"/>
  <system-out><![CDATA[]]></system-out>
  <system-err><![CDATA[]]></system-err>
</testsuite>
