<?xml version="1.0" encoding="UTF-8"?>
<testsuite name="com.team3.gdx.tests.CookTests" tests="1" skipped="0" failures="0" errors="0" timestamp="2023-02-27T20:48:54" hostname="LAPTOP-RNM4V4HG" time="0.044">
  <properties/>
  <testcase name="testFullCookStack" classname="com.team3.gdx.tests.CookTests" time="0.044"/>
  <system-out><![CDATA[]]></system-out>
  <system-err><![CDATA[]]></system-err>
</testsuite>
