<?xml version="1.0" encoding="UTF-8"?>
<testsuite name="com.team3.gdx.tests.AssetTests" tests="1" skipped="0" failures="0" errors="0" timestamp="2023-03-04T11:27:52" hostname="DESKTOP-7A0IUD0" time="0.012">
  <properties/>
  <testcase name="testUIElementsExist" classname="com.team3.gdx.tests.AssetTests" time="0.012"/>
  <system-out><![CDATA[]]></system-out>
  <system-err><![CDATA[]]></system-err>
</testsuite>
