<?xml version="1.0" encoding="UTF-8"?>
<testsuite name="com.team3.gdx.tests.PowerupTests" tests="1" skipped="0" failures="0" errors="0" timestamp="2023-03-14T14:58:01" hostname="GAMING-PC" time="0.003">
  <properties/>
  <testcase name="testActivate" classname="com.team3.gdx.tests.PowerupTests" time="0.003"/>
  <system-out><![CDATA[]]></system-out>
  <system-err><![CDATA[]]></system-err>
</testsuite>
