<?xml version="1.0" encoding="UTF-8"?>
<testsuite name="com.team3.gdx.tests.SaveLoadTests" tests="9" skipped="0" failures="0" errors="0" timestamp="2023-04-19T09:49:02" hostname="DESKTOP-7A0IUD0" time="1.014">
  <properties/>
  <testcase name="testSaveLoadSecondCutting" classname="com.team3.gdx.tests.SaveLoadTests" time="0.136"/>
  <testcase name="testSaveLoadNumberOfWaves" classname="com.team3.gdx.tests.SaveLoadTests" time="0.094"/>
  <testcase name="testSaveLoadEndless" classname="com.team3.gdx.tests.SaveLoadTests" time="0.096"/>
  <testcase name="testSaveLoadTotalServed" classname="com.team3.gdx.tests.SaveLoadTests" time="0.104"/>
  <testcase name="testSaveLoadThirdChef" classname="com.team3.gdx.tests.SaveLoadTests" time="0.104"/>
  <testcase name="testSaveLoadCurrentWave" classname="com.team3.gdx.tests.SaveLoadTests" time="0.108"/>
  <testcase name="testSaveLoadDifficulty" classname="com.team3.gdx.tests.SaveLoadTests" time="0.089"/>
  <testcase name="testSaveLoadReputationPoints" classname="com.team3.gdx.tests.SaveLoadTests" time="0.09"/>
  <testcase name="testSaveLoadSecondBaking" classname="com.team3.gdx.tests.SaveLoadTests" time="0.072"/>
  <system-out><![CDATA[]]></system-out>
  <system-err><![CDATA[]]></system-err>
</testsuite>
